#
# There is insufficient memory for the Java Runtime Environment to continue.
# Native memory allocation (malloc) failed to allocate 1048576 bytes for AllocateHeap
# Possible reasons:
#   The system is out of physical RAM or swap space
#   In 32 bit mode, the process size limit was hit
# Possible solutions:
#   Reduce memory load on the system
#   Increase physical memory or swap space
#   Check if swap backing store is full
#   Use 64 bit Java on a 64 bit OS
#   Decrease Java heap size (-Xmx/-Xms)
#   Decrease number of Java threads
#   Decrease Java thread stack sizes (-Xss)
#   Set larger code cache with -XX:ReservedCodeCacheSize=
# This output file may be truncated or incomplete.
#
#  Out of Memory Error (memory/allocation.inline.hpp:61), pid=320, tid=0x0000000000003908
#
# JRE version:  (8.0) (build )
# Java VM: OpenJDK 64-Bit Server VM (25.71-b00 mixed mode windows-amd64 compressed oops)
# Failed to write core dump. Minidumps are not enabled by default on client versions of Windows
#

---------------  T H R E A D  ---------------

Current thread (0x00000000032e2800):  JavaThread "Unknown thread" [_thread_in_vm, id=14600, stack(0x0000000003150000,0x0000000003250000)]

Stack: [0x0000000003150000,0x0000000003250000]
[error occurred during error reporting (printing stack bounds), id 0xc0000005]

Native frames: (J=compiled Java code, j=interpreted, Vv=VM code, C=native code)


---------------  P R O C E S S  ---------------

Java Threads: ( => current thread )

Other Threads:

=>0x00000000032e2800 (exited) JavaThread "Unknown thread" [_thread_in_vm, id=14600, stack(0x0000000003150000,0x0000000003250000)]

VM state:not at safepoint (normal execution)

VM Mutex/Monitor currently owned by a thread: None

Heap:
 PSYoungGen      total 36864K, used 634K [0x00000000d6e00000, 0x00000000d9700000, 0x0000000100000000)
  eden space 31744K, 2% used [0x00000000d6e00000,0x00000000d6e9eb90,0x00000000d8d00000)
  from space 5120K, 0% used [0x00000000d9200000,0x00000000d9200000,0x00000000d9700000)
  to   space 5120K, 0% used [0x00000000d8d00000,0x00000000d8d00000,0x00000000d9200000)
 ParOldGen       total 84992K, used 0K [0x0000000084a00000, 0x0000000089d00000, 0x00000000d6e00000)
  object space 84992K, 0% used [0x0000000084a00000,0x0000000084a00000,0x0000000089d00000)
 Metaspace       used 777K, capacity 4480K, committed 4480K, reserved 1056768K
  class space    used 74K, capacity 384K, committed 384K, reserved 1048576K

Card table byte_map: [0x00000000127a0000,0x0000000012b80000] byte_map_base: 0x000000001237b000

Marking Bits: (ParMarkBitMap*) 0x00000000709dbe50
 Begin Bits: [0x0000000013620000, 0x00000000154f8000)
 End Bits:   [0x00000000154f8000, 0x00000000173d0000)

Polling page: 0x00000000018f0000

CodeCache: size=245760Kb used=328Kb max_used=328Kb free=245431Kb
 bounds [0x00000000033e0000, 0x0000000003650000, 0x00000000123e0000]
 total_blobs=57 nmethods=0 adapters=38
 compilation: enabled

Compilation events (0 events):
No events

GC Heap History (0 events):
No events

Deoptimization events (0 events):
No events

Classes redefined (0 events):
No events

Internal exceptions (0 events):
No events

Events (10 events):
Event: 0.018 loading class java/lang/Short
Event: 0.018 loading class java/lang/Short done
Event: 0.018 loading class java/lang/Integer
Event: 0.018 loading class java/lang/Integer done
Event: 0.018 loading class java/lang/Long
Event: 0.019 loading class java/lang/Long done
Event: 0.019 loading class java/lang/NullPointerException
Event: 0.019 loading class java/lang/NullPointerException done
Event: 0.019 loading class java/lang/ArithmeticException
Event: 0.019 loading class java/lang/ArithmeticException done


Dynamic libraries:
0x00007ff733410000 - 0x00007ff733445000 	C:\Program Files\Unity\Hub\Editor\2021.3.12f1\Editor\Data\PlaybackEngines\AndroidPlayer\OpenJDK\bin\java.exe
0x00007ffd53f50000 - 0x00007ffd54164000 	C:\WINDOWS\SYSTEM32\ntdll.dll
0x00007ffd53480000 - 0x00007ffd53543000 	C:\WINDOWS\System32\KERNEL32.DLL
0x00007ffd51500000 - 0x00007ffd5189d000 	C:\WINDOWS\System32\KERNELBASE.dll
0x00007ffd52710000 - 0x00007ffd527be000 	C:\WINDOWS\System32\ADVAPI32.dll
0x00007ffd538d0000 - 0x00007ffd53977000 	C:\WINDOWS\System32\msvcrt.dll
0x00007ffd53980000 - 0x00007ffd53a24000 	C:\WINDOWS\System32\sechost.dll
0x00007ffd52530000 - 0x00007ffd52645000 	C:\WINDOWS\System32\RPCRT4.dll
0x00007ffd52e80000 - 0x00007ffd5302d000 	C:\WINDOWS\System32\USER32.dll
0x00007ffd51d10000 - 0x00007ffd51d36000 	C:\WINDOWS\System32\win32u.dll
0x00007ffd53cd0000 - 0x00007ffd53cf9000 	C:\WINDOWS\System32\GDI32.dll
0x00007ffd51bf0000 - 0x00007ffd51d02000 	C:\WINDOWS\System32\gdi32full.dll
0x00007ffd51370000 - 0x00007ffd5140a000 	C:\WINDOWS\System32\msvcp_win.dll
0x00007ffd51ad0000 - 0x00007ffd51be1000 	C:\WINDOWS\System32\ucrtbase.dll
0x00007ffd34780000 - 0x00007ffd34a0e000 	C:\WINDOWS\WinSxS\amd64_microsoft.windows.common-controls_6595b64144ccf1df_6.0.22621.608_none_a9444ca7c10bb01d\COMCTL32.dll
0x00007ffd53050000 - 0x00007ffd53082000 	C:\WINDOWS\System32\IMM32.DLL
0x0000000070a60000 - 0x0000000070b32000 	C:\Program Files\Unity\Hub\Editor\2021.3.12f1\Editor\Data\PlaybackEngines\AndroidPlayer\OpenJDK\jre\bin\msvcr100.dll
0x0000000070210000 - 0x0000000070a59000 	C:\Program Files\Unity\Hub\Editor\2021.3.12f1\Editor\Data\PlaybackEngines\AndroidPlayer\OpenJDK\jre\bin\server\jvm.dll
0x00007ffd53cc0000 - 0x00007ffd53cc8000 	C:\WINDOWS\System32\PSAPI.DLL
0x00007ffd449f0000 - 0x00007ffd44a24000 	C:\WINDOWS\SYSTEM32\WINMM.dll
0x00007ffd2f140000 - 0x00007ffd2f149000 	C:\WINDOWS\SYSTEM32\WSOCK32.dll
0x00007ffd46090000 - 0x00007ffd4609a000 	C:\WINDOWS\SYSTEM32\VERSION.dll
0x00007ffd52e00000 - 0x00007ffd52e71000 	C:\WINDOWS\System32\WS2_32.dll
0x00007ffd34f10000 - 0x00007ffd34f1f000 	C:\Program Files\Unity\Hub\Editor\2021.3.12f1\Editor\Data\PlaybackEngines\AndroidPlayer\OpenJDK\jre\bin\verify.dll
0x00007ffd07d40000 - 0x00007ffd07d69000 	C:\Program Files\Unity\Hub\Editor\2021.3.12f1\Editor\Data\PlaybackEngines\AndroidPlayer\OpenJDK\jre\bin\java.dll
0x00007ffd15d70000 - 0x00007ffd15d86000 	C:\Program Files\Unity\Hub\Editor\2021.3.12f1\Editor\Data\PlaybackEngines\AndroidPlayer\OpenJDK\jre\bin\zip.dll

VM Arguments:
jvm_args: -Dfile.encoding=UTF-8 
java_command: <unknown>
java_class_path (initial): .
Launcher Type: SUN_STANDARD

Environment Variables:
JAVA_HOME=C:\Program Files\Unity\Hub\Editor\2021.3.12f1\Editor\Data\PlaybackEngines\AndroidPlayer\OpenJDK
JAVA_TOOL_OPTIONS=-Dfile.encoding=UTF-8
PATH=C:\Program Files\Common Files\Oracle\Java\javapath;C:\WINDOWS\system32;C:\WINDOWS;C:\WINDOWS\System32\Wbem;C:\WINDOWS\System32\WindowsPowerShell\v1.0\;C:\WINDOWS\System32\OpenSSH\;C:\Program Files\PuTTY\;C:\Program Files\MATLAB\R2022a\bin;C:\src\flutter\bin;C:\Program Files\dotnet\;C:\Program Files\Git\cmd;C:\Users\hornf\Downloads\php-8.1.11-Win32-vs16-x64;C:\Strawberry\c\bin;C:\Strawberry\perl\site\bin;C:\Strawberry\perl\bin;C:\Program Files\JetBrains\PhpStorm 2022.2.2\bin;C:\Program Files\JetBrains\PhpStorm 2022.2.2\bin\;;C:\Program Files\Docker\Docker\resources\bin;C:\php;C:\ProgramData\ComposerSetup\bin;C;C:\Program Files\nodejs\;C:\ProgramData\chocolatey\bin;C:\Users\hornf\AppData\Local\Microsoft\WindowsApps;C:\Users\hornf\AppData\Local\gitkraken\bin;C:\ProgramData\hornf\gitkraken\bin;C:\Program Files\swipl\bin;C:\Program Files\JetBrains\IntelliJ IDEA 2022.2.2\bin;;C:\Users\hornf\Downloads\php-8.1.11-Win32-vs16-x64;C:\Users\hornf\AppData\Local\Programs\Microsoft VS Code\bin;C:\Users\hornf\AppData\Local\Programs\MiKTeX\miktex\bin\x64\;C:\Users\hornf\AppData\Local\Programs\oh-my-posh\bin;C:\Program Files\JetBrains\PhpStorm 2022.2.2\bin;;C:\Users\hornf\AppData\Local\Microsoft\WindowsApps;C:\Users\hornf\AppData\Roaming\Composer\vendor\bin;C:\Users\hornf\AppData\Roaming\npm
USERNAME=hornf
OS=Windows_NT
PROCESSOR_IDENTIFIER=Intel64 Family 6 Model 142 Stepping 11, GenuineIntel



---------------  S Y S T E M  ---------------

OS: Windows 10.0 , 64 bit Build 22621 (10.0.22621.963)

CPU:total 8 (initial active 8) (4 cores per cpu, 2 threads per core) family 6 model 142 stepping 11, cmov, cx8, fxsr, mmx, sse, sse2, sse3, ssse3, sse4.1, sse4.2, popcnt, avx, avx2, aes, clmul, erms, 3dnowpref, lzcnt, ht, tsc, tscinvbit, bmi1, bmi2, adx

Memory: 4k page, physical 8083076k(1094468k free), swap 23376216k(5372k free)

vm_info: OpenJDK 64-Bit Server VM (25.71-b00) for windows-amd64 JRE (1.8.0-adoptopenjdk-_2018_05_19_00_59-b00), built on May 19 2018 01:02:12 by "jenkins" with MS VC++ 10.0 (VS2010)

time: Thu Jan 12 11:52:27 2023
elapsed time: 0 seconds (0d 0h 0m 0s)

