#
# There is insufficient memory for the Java Runtime Environment to continue.
# Native memory allocation (mmap) failed to map 130023424 bytes for G1 virtual space
# Possible reasons:
#   The system is out of physical RAM or swap space
#   The process is running with CompressedOops enabled, and the Java Heap may be blocking the growth of the native heap
# Possible solutions:
#   Reduce memory load on the system
#   Increase physical memory or swap space
#   Check if swap backing store is full
#   Decrease Java heap size (-Xmx/-Xms)
#   Decrease number of Java threads
#   Decrease Java thread stack sizes (-Xss)
#   Set larger code cache with -XX:ReservedCodeCacheSize=
#   JVM is running with Unscaled Compressed Oops mode in which the Java heap is
#     placed in the first 4GB address space. The Java Heap base address is the
#     maximum limit for the native heap growth. Please use -XX:HeapBaseMinAddress
#     to set the Java Heap base and to place the Java Heap above 4GB virtual address.
# This output file may be truncated or incomplete.
#
#  Out of Memory Error (os_windows.cpp:3527), pid=16472, tid=9420
#
# JRE version:  (19.0+36) (build )
# Java VM: Java HotSpot(TM) 64-Bit Server VM (19+36-2238, mixed mode, sharing, tiered, compressed oops, compressed class ptrs, g1 gc, windows-amd64)
# No core dump will be written. Minidumps are not enabled by default on client versions of Windows
#

---------------  S U M M A R Y ------------

Command Line: -Dfile.encoding=UTF-8 

Host: Intel(R) Core(TM) i5-8265U CPU @ 1.60GHz, 8 cores, 7G,  Windows 11 , 64 bit Build 22621 (10.0.22621.963)
Time: Thu Jan 12 11:52:35 2023 Mitteleuropäische Zeit elapsed time: 0.036787 seconds (0d 0h 0m 0s)

---------------  T H R E A D  ---------------

Current thread (0x0000025032b9c1f0):  JavaThread "Unknown thread" [_thread_in_vm, id=9420, stack(0x000000cd02d00000,0x000000cd02e00000)]

Stack: [0x000000cd02d00000,0x000000cd02e00000]
Native frames: (J=compiled Java code, j=interpreted, Vv=VM code, C=native code)
V  [jvm.dll+0x6ee8fa]
V  [jvm.dll+0x857a1e]
V  [jvm.dll+0x85940e]
V  [jvm.dll+0x859ac3]
V  [jvm.dll+0x28291f]
V  [jvm.dll+0x6eb6e9]
V  [jvm.dll+0x6e028a]
V  [jvm.dll+0x357136]
V  [jvm.dll+0x35eb96]
V  [jvm.dll+0x3b555e]
V  [jvm.dll+0x3b578f]
V  [jvm.dll+0x32c6ea]
V  [jvm.dll+0x32d59e]
V  [jvm.dll+0x821b20]
V  [jvm.dll+0x3c27c1]
V  [jvm.dll+0x8022f1]
V  [jvm.dll+0x44b30f]
V  [jvm.dll+0x44cc91]
C  [jli.dll+0x5287]
C  [ucrtbase.dll+0x29363]
C  [KERNEL32.DLL+0x126bd]
C  [ntdll.dll+0x5dfb8]


---------------  P R O C E S S  ---------------

Threads class SMR info:
_java_thread_list=0x00007ffcb02ad048, length=0, elements={
}

Java Threads: ( => current thread )

Other Threads:
  0x0000025032bfa980 WorkerThread "GC Thread#0" [stack: 0x000000cd02e00000,0x000000cd02f00000] [id=20364]
  0x0000025032c0bfb0 ConcurrentGCThread "G1 Main Marker" [stack: 0x000000cd02f00000,0x000000cd03000000] [id=18600]
  0x0000025032c0c9e0 WorkerThread "G1 Conc#0" [stack: 0x000000cd03000000,0x000000cd03100000] [id=19460]

[error occurred during error reporting (printing all threads), id 0xc0000005, EXCEPTION_ACCESS_VIOLATION (0xc0000005) at pc=0x00007ffcafa6d127]

VM state: not at safepoint (not fully initialized)

VM Mutex/Monitor currently owned by a thread:  ([mutex/lock_event])
[0x00000250309cbae0] Heap_lock - owner thread: 0x0000025032b9c1f0

Heap address: 0x0000000084a00000, size: 1974 MB, Compressed Oops mode: 32-bit

CDS archive(s) mapped at: [0x0000000000000000-0x0000000000000000-0x0000000000000000), size 0, SharedBaseAddress: 0x0000000800000000, ArchiveRelocationMode: 0.
Narrow klass base: 0x0000000000000000, Narrow klass shift: 0, Narrow klass range: 0x0

GC Precious Log:
 CardTable entry size: 512
 Card Set container configuration: InlinePtr #cards 5 size 8 Array Of Cards #cards 12 size 40 Howl #buckets 4 coarsen threshold 1843 Howl Bitmap #cards 512 size 80 coarsen threshold 460 Card regions per heap region 1 cards per card region 2048

Heap:
 garbage-first heap   total 0K, used 0K [0x0000000084a00000, 0x0000000100000000)
  region size 1024K, 0 young (0K), 0 survivors (0K)

[error occurred during error reporting (printing heap information), id 0xc0000005, EXCEPTION_ACCESS_VIOLATION (0xc0000005) at pc=0x00007ffcafe76959]

GC Heap History (0 events):
No events

Dll operation events (1 events):
Event: 0.026 Loaded shared library C:\Program Files\Java\jdk-19\bin\java.dll

Deoptimization events (0 events):
No events

Classes loaded (0 events):
No events

Classes unloaded (0 events):
No events

Classes redefined (0 events):
No events

Internal exceptions (0 events):
No events

VM Operations (0 events):
No events

Events (0 events):
No events


Dynamic libraries:
0x00007ff686310000 - 0x00007ff686320000 	C:\Program Files\Java\jdk-19\bin\java.exe
0x00007ffd53f50000 - 0x00007ffd54164000 	C:\WINDOWS\SYSTEM32\ntdll.dll
0x00007ffd53480000 - 0x00007ffd53543000 	C:\WINDOWS\System32\KERNEL32.DLL
0x00007ffd51500000 - 0x00007ffd5189d000 	C:\WINDOWS\System32\KERNELBASE.dll
0x00007ffd51ad0000 - 0x00007ffd51be1000 	C:\WINDOWS\System32\ucrtbase.dll
0x00007ffd1aa70000 - 0x00007ffd1aa88000 	C:\Program Files\Java\jdk-19\bin\jli.dll
0x00007ffd52710000 - 0x00007ffd527be000 	C:\WINDOWS\System32\ADVAPI32.dll
0x00007ffd538d0000 - 0x00007ffd53977000 	C:\WINDOWS\System32\msvcrt.dll
0x00007ffd53980000 - 0x00007ffd53a24000 	C:\WINDOWS\System32\sechost.dll
0x00007ffd52530000 - 0x00007ffd52645000 	C:\WINDOWS\System32\RPCRT4.dll
0x00007ffd52e80000 - 0x00007ffd5302d000 	C:\WINDOWS\System32\USER32.dll
0x00007ffd51d10000 - 0x00007ffd51d36000 	C:\WINDOWS\System32\win32u.dll
0x00007ffd53cd0000 - 0x00007ffd53cf9000 	C:\WINDOWS\System32\GDI32.dll
0x00007ffd51bf0000 - 0x00007ffd51d02000 	C:\WINDOWS\System32\gdi32full.dll
0x00007ffd51370000 - 0x00007ffd5140a000 	C:\WINDOWS\System32\msvcp_win.dll
0x00007ffd101a0000 - 0x00007ffd101bb000 	C:\Program Files\Java\jdk-19\bin\VCRUNTIME140.dll
0x00007ffd46090000 - 0x00007ffd4609a000 	C:\WINDOWS\SYSTEM32\VERSION.dll
0x00007ffd34780000 - 0x00007ffd34a0e000 	C:\WINDOWS\WinSxS\amd64_microsoft.windows.common-controls_6595b64144ccf1df_6.0.22621.608_none_a9444ca7c10bb01d\COMCTL32.dll
0x00007ffd53050000 - 0x00007ffd53082000 	C:\WINDOWS\System32\IMM32.DLL
0x00007ffd355e0000 - 0x00007ffd355ec000 	C:\Program Files\Java\jdk-19\bin\vcruntime140_1.dll
0x00007ffce2810000 - 0x00007ffce289e000 	C:\Program Files\Java\jdk-19\bin\msvcp140.dll
0x00007ffcaf730000 - 0x00007ffcb03f0000 	C:\Program Files\Java\jdk-19\bin\server\jvm.dll
0x00007ffd2f140000 - 0x00007ffd2f149000 	C:\WINDOWS\SYSTEM32\WSOCK32.dll
0x00007ffd52e00000 - 0x00007ffd52e71000 	C:\WINDOWS\System32\WS2_32.dll
0x00007ffd449f0000 - 0x00007ffd44a24000 	C:\WINDOWS\SYSTEM32\WINMM.dll
0x00007ffd50480000 - 0x00007ffd50498000 	C:\WINDOWS\SYSTEM32\kernel.appcore.dll
0x00007ffd30b10000 - 0x00007ffd30b1a000 	C:\Program Files\Java\jdk-19\bin\jimage.dll
0x00007ffd4bcf0000 - 0x00007ffd4bf1e000 	C:\WINDOWS\SYSTEM32\DBGHELP.DLL
0x00007ffd53090000 - 0x00007ffd5341a000 	C:\WINDOWS\System32\combase.dll
0x00007ffd53ac0000 - 0x00007ffd53b97000 	C:\WINDOWS\System32\OLEAUT32.dll
0x00007ffd2e320000 - 0x00007ffd2e352000 	C:\WINDOWS\SYSTEM32\dbgcore.DLL
0x00007ffd51480000 - 0x00007ffd514fb000 	C:\WINDOWS\System32\bcryptPrimitives.dll
0x00007ffd0ad20000 - 0x00007ffd0ad46000 	C:\Program Files\Java\jdk-19\bin\java.dll

dbghelp: loaded successfully - version: 4.0.5 - missing functions: none
symbol engine: initialized successfully - sym options: 0x614 - pdb path: .;C:\Program Files\Java\jdk-19\bin;C:\WINDOWS\SYSTEM32;C:\WINDOWS\WinSxS\amd64_microsoft.windows.common-controls_6595b64144ccf1df_6.0.22621.608_none_a9444ca7c10bb01d;C:\Program Files\Java\jdk-19\bin\server

VM Arguments:
jvm_args: -Dfile.encoding=UTF-8 
java_command: <unknown>
java_class_path (initial): <not set>
Launcher Type: SUN_STANDARD

[Global flags]
     intx CICompilerCount                          = 4                                         {product} {ergonomic}
     uint ConcGCThreads                            = 2                                         {product} {ergonomic}
     uint G1ConcRefinementThreads                  = 8                                         {product} {ergonomic}
   size_t G1HeapRegionSize                         = 1048576                                   {product} {ergonomic}
    uintx GCDrainStackTargetSize                   = 64                                        {product} {ergonomic}
   size_t InitialHeapSize                          = 130023424                                 {product} {ergonomic}
   size_t MarkStackSize                            = 4194304                                   {product} {ergonomic}
   size_t MaxHeapSize                              = 2069889024                                {product} {ergonomic}
   size_t MinHeapDeltaBytes                        = 1048576                                   {product} {ergonomic}
   size_t MinHeapSize                              = 8388608                                   {product} {ergonomic}
    uintx NonNMethodCodeHeapSize                   = 5839372                                {pd product} {ergonomic}
    uintx NonProfiledCodeHeapSize                  = 122909434                              {pd product} {ergonomic}
    uintx ProfiledCodeHeapSize                     = 122909434                              {pd product} {ergonomic}
    uintx ReservedCodeCacheSize                    = 251658240                              {pd product} {ergonomic}
     bool SegmentedCodeCache                       = true                                      {product} {ergonomic}
   size_t SoftMaxHeapSize                          = 2069889024                             {manageable} {ergonomic}
     bool UseCompressedClassPointers               = true                           {product lp64_product} {ergonomic}
     bool UseCompressedOops                        = true                           {product lp64_product} {ergonomic}
     bool UseG1GC                                  = true                                      {product} {ergonomic}
     bool UseLargePagesIndividualAllocation        = false                                  {pd product} {ergonomic}

Logging:
Log output configuration:
 #0: stdout all=warning uptime,level,tags foldmultilines=false
 #1: stderr all=off uptime,level,tags foldmultilines=false

Environment Variables:
JAVA_HOME=C:\Program Files\Unity\Hub\Editor\2021.3.12f1\Editor\Data\PlaybackEngines\AndroidPlayer\OpenJDK
JAVA_TOOL_OPTIONS=-Dfile.encoding=UTF-8
PATH=C:\Program Files\Common Files\Oracle\Java\javapath;C:\WINDOWS\system32;C:\WINDOWS;C:\WINDOWS\System32\Wbem;C:\WINDOWS\System32\WindowsPowerShell\v1.0\;C:\WINDOWS\System32\OpenSSH\;C:\Program Files\PuTTY\;C:\Program Files\MATLAB\R2022a\bin;C:\src\flutter\bin;C:\Program Files\dotnet\;C:\Program Files\Git\cmd;C:\Users\hornf\Downloads\php-8.1.11-Win32-vs16-x64;C:\Strawberry\c\bin;C:\Strawberry\perl\site\bin;C:\Strawberry\perl\bin;C:\Program Files\JetBrains\PhpStorm 2022.2.2\bin;C:\Program Files\JetBrains\PhpStorm 2022.2.2\bin\;;C:\Program Files\Docker\Docker\resources\bin;C:\php;C:\ProgramData\ComposerSetup\bin;C;C:\Program Files\nodejs\;C:\ProgramData\chocolatey\bin;C:\Users\hornf\AppData\Local\Microsoft\WindowsApps;C:\Users\hornf\AppData\Local\gitkraken\bin;C:\ProgramData\hornf\gitkraken\bin;C:\Program Files\swipl\bin;C:\Program Files\JetBrains\IntelliJ IDEA 2022.2.2\bin;;C:\Users\hornf\Downloads\php-8.1.11-Win32-vs16-x64;C:\Users\hornf\AppData\Local\Programs\Microsoft VS Code\bin;C:\Users\hornf\AppData\Local\Programs\MiKTeX\miktex\bin\x64\;C:\Users\hornf\AppData\Local\Programs\oh-my-posh\bin;C:\Program Files\JetBrains\PhpStorm 2022.2.2\bin;;C:\Users\hornf\AppData\Local\Microsoft\WindowsApps;C:\Users\hornf\AppData\Roaming\Composer\vendor\bin;C:\Users\hornf\AppData\Roaming\npm
USERNAME=hornf
OS=Windows_NT
PROCESSOR_IDENTIFIER=Intel64 Family 6 Model 142 Stepping 11, GenuineIntel
TMP=C:\Users\hornf\AppData\Local\Temp
TEMP=C:\Users\hornf\AppData\Local\Temp



---------------  S Y S T E M  ---------------

OS:
 Windows 11 , 64 bit Build 22621 (10.0.22621.963)
OS uptime: 2 days 1:41 hours
Hyper-V role detected

CPU: total 8 (initial active 8) (4 cores per cpu, 2 threads per core) family 6 model 142 stepping 11 microcode 0xea, cx8, cmov, fxsr, ht, mmx, 3dnowpref, sse, sse2, sse3, ssse3, sse4.1, sse4.2, popcnt, lzcnt, tsc, tscinvbit, avx, avx2, aes, erms, clmul, bmi1, bmi2, adx, fma, vzeroupper, clflush, clflushopt, hv, rdtscp

Memory: 4k page, system-wide physical 7893M (815M free)
TotalPageFile size 22828M (AvailPageFile size 89M)
current process WorkingSet (physical memory assigned to process): 11M, peak: 11M
current process commit charge ("private bytes"): 60M, peak: 184M

vm_info: Java HotSpot(TM) 64-Bit Server VM (19+36-2238) for windows-amd64 JRE (19+36-2238), built on 2022-08-12T20:29:01Z by "mach5one" with MS VC++ 17.1 (VS2022)

END.
